<?xml version="1.0" encoding="UTF-8"?>
<!-- Generated by org.testng.reporters.JUnitXMLReporter -->
<testsuite ignored="0" hostname="ITEM-S128906" failures="0" tests="3" name="Test" time="99.877" errors="0" timestamp="2025-09-06T12:15:43 MESZ">
  <testcase classname="testcases.PurchaseSauceLabsBikeLightTest" name="PurchaseSauceLabsBikeLightTest" time="17.652"/>
  <testcase classname="testcases.AddBoltTShirtTest" name="SaucDemoTC1" time="32.453"/>
  <testcase classname="testcases.PurchaseBackPackTest" name="SaucDemoTC1" time="32.32"/>
</testsuite> <!-- Test -->
