<?xml version="1.0" encoding="UTF-8"?>
<testng-results ignored="0" total="3" passed="3" failed="0" skipped="0">
  <reporter-output>
  </reporter-output>
  <suite started-at="2025-09-06T12:14:03 MESZ" name="Suite" finished-at="2025-09-06T12:15:43 MESZ" duration-ms="99877">
    <groups>
    </groups>
    <test started-at="2025-09-06T12:14:03 MESZ" name="Test" finished-at="2025-09-06T12:15:43 MESZ" duration-ms="99877">
      <class name="testcases.PurchaseSauceLabsBikeLightTest">
        <test-method is-config="true" signature="setUp(java.lang.String)[pri:0, instance:testcases.PurchaseSauceLabsBikeLightTest@6d4d66d2]" started-at="2025-09-06T12:14:03 MESZ" name="setUp" finished-at="2025-09-06T12:14:09 MESZ" duration-ms="6284" status="PASS">
          <params>
            <param index="0">
              <value>
                <![CDATA[FireFox]]>
              </value>
            </param>
          </params>
          <reporter-output>
          </reporter-output>
        </test-method> <!-- setUp -->
        <test-method signature="PurchaseSauceLabsBikeLightTest()[pri:2, instance:testcases.PurchaseSauceLabsBikeLightTest@6d4d66d2]" started-at="2025-09-06T12:14:09 MESZ" name="PurchaseSauceLabsBikeLightTest" finished-at="2025-09-06T12:14:27 MESZ" duration-ms="17652" status="PASS">
          <reporter-output>
          </reporter-output>
        </test-method> <!-- PurchaseSauceLabsBikeLightTest -->
        <test-method is-config="true" signature="tearDown(org.testng.ITestResult)[pri:0, instance:testcases.PurchaseSauceLabsBikeLightTest@6d4d66d2]" started-at="2025-09-06T12:14:27 MESZ" name="tearDown" finished-at="2025-09-06T12:14:28 MESZ" duration-ms="946" status="PASS">
          <params>
            <param index="0">
              <value>
                <![CDATA[[TestResult name=PurchaseSauceLabsBikeLightTest status=SUCCESS method=PurchaseSauceLabsBikeLightTest.PurchaseSauceLabsBikeLightTest()[pri:2, instance:testcases.PurchaseSauceLabsBikeLightTest@6d4d66d2] output={null}]]]>
              </value>
            </param>
          </params>
          <reporter-output>
          </reporter-output>
        </test-method> <!-- tearDown -->
      </class> <!-- testcases.PurchaseSauceLabsBikeLightTest -->
      <class name="testcases.AddBoltTShirtTest">
        <test-method is-config="true" signature="SeUP(java.lang.String)[pri:0, instance:testcases.AddBoltTShirtTest@15043a2f]" started-at="2025-09-06T12:14:28 MESZ" name="SeUP" finished-at="2025-09-06T12:14:32 MESZ" duration-ms="4172" status="PASS">
          <params>
            <param index="0">
              <value>
                <![CDATA[FireFox]]>
              </value>
            </param>
          </params>
          <reporter-output>
          </reporter-output>
        </test-method> <!-- SeUP -->
        <test-method signature="SaucDemoTC1()[pri:1, instance:testcases.AddBoltTShirtTest@15043a2f]" started-at="2025-09-06T12:14:32 MESZ" name="SaucDemoTC1" finished-at="2025-09-06T12:15:04 MESZ" duration-ms="32453" status="PASS">
          <reporter-output>
          </reporter-output>
        </test-method> <!-- SaucDemoTC1 -->
        <test-method is-config="true" signature="tearDown(org.testng.ITestResult)[pri:0, instance:testcases.AddBoltTShirtTest@15043a2f]" started-at="2025-09-06T12:15:04 MESZ" name="tearDown" finished-at="2025-09-06T12:15:05 MESZ" duration-ms="881" status="PASS">
          <params>
            <param index="0">
              <value>
                <![CDATA[[TestResult name=SaucDemoTC1 status=SUCCESS method=AddBoltTShirtTest.SaucDemoTC1()[pri:1, instance:testcases.AddBoltTShirtTest@15043a2f] output={null}]]]>
              </value>
            </param>
          </params>
          <reporter-output>
          </reporter-output>
        </test-method> <!-- tearDown -->
      </class> <!-- testcases.AddBoltTShirtTest -->
      <class name="testcases.PurchaseBackPackTest">
        <test-method is-config="true" signature="SeUP(java.lang.String)[pri:0, instance:testcases.PurchaseBackPackTest@4a83a74a]" started-at="2025-09-06T12:15:05 MESZ" name="SeUP" finished-at="2025-09-06T12:15:09 MESZ" duration-ms="3975" status="PASS">
          <params>
            <param index="0">
              <value>
                <![CDATA[FireFox]]>
              </value>
            </param>
          </params>
          <reporter-output>
          </reporter-output>
        </test-method> <!-- SeUP -->
        <test-method signature="SaucDemoTC1()[pri:3, instance:testcases.PurchaseBackPackTest@4a83a74a]" started-at="2025-09-06T12:15:09 MESZ" name="SaucDemoTC1" finished-at="2025-09-06T12:15:42 MESZ" duration-ms="32320" status="PASS">
          <reporter-output>
          </reporter-output>
        </test-method> <!-- SaucDemoTC1 -->
        <test-method is-config="true" signature="tearDown(org.testng.ITestResult)[pri:0, instance:testcases.PurchaseBackPackTest@4a83a74a]" started-at="2025-09-06T12:15:42 MESZ" name="tearDown" finished-at="2025-09-06T12:15:43 MESZ" duration-ms="1132" status="PASS">
          <params>
            <param index="0">
              <value>
                <![CDATA[[TestResult name=SaucDemoTC1 status=SUCCESS method=PurchaseBackPackTest.SaucDemoTC1()[pri:3, instance:testcases.PurchaseBackPackTest@4a83a74a] output={null}]]]>
              </value>
            </param>
          </params>
          <reporter-output>
          </reporter-output>
        </test-method> <!-- tearDown -->
      </class> <!-- testcases.PurchaseBackPackTest -->
    </test> <!-- Test -->
  </suite> <!-- Suite -->
</testng-results>
